1691343760843	geckodriver	INFO	Listening on 127.0.0.1:52489
1691343850981	geckodriver	INFO	Listening on 127.0.0.1:52497
1691344276971	geckodriver	INFO	Listening on 127.0.0.1:52586
1691344280074	mozrunner::runner	INFO	Running command: "C:\\Program Files\\Mozilla Firefox\\firefox.exe" "--marionette" "--remote-debugging-port" "52587" "--remote-allow-hosts" "localhost" "-no-remote" "-profile" "C:\\Users\\user\\AppData\\Local\\Temp\\rust_mozprofileSKaDVh"
console.warn: services.settings: Ignoring preference override of remote settings server
console.warn: services.settings: Allow by setting MOZ_REMOTE_SETTINGS_DEVTOOLS=1 in the environment
1691344281127	Marionette	INFO	Marionette enabled
Dynamically enable window occlusion 0
1691344281310	Marionette	INFO	Listening on port 52594
Read port: 52594
WebDriver BiDi listening on ws://127.0.0.1:52587
1691344282271	RemoteAgent	WARN	TLS certificate errors will be ignored for this session
DevTools listening on ws://127.0.0.1:52587/devtools/browser/45164a32-a416-4cc7-a1bc-527832492244
console.error: (new TypeError("this._searchProviderInfo is null", "resource:///modules/SearchSERPTelemetry.sys.mjs", 638))
[Parent 10568, IPC I/O Parent] WARNING: DuplicateHandle failed for handle 0 in TransferHandles: file /builds/worker/checkouts/gecko/ipc/chromium/src/chrome/common/ipc_channel_win.cc:621
[GPU 4024, IPC I/O Child] WARNING: pipe error: 232: file /builds/worker/checkouts/gecko/ipc/chromium/src/chrome/common/ipc_channel_win.cc:443
JavaScript error: https://file-examples.com/wp-content/themes/file-examples/vendor/jquery/jquery.min.js, line 2: Error: Syntax error, unrecognized expression: https://file-examples.com/wp-content/storage/2017/02/file-sample_100kB.doc
JavaScript warning: https://pagead2.googlesyndication.com/bg/XE-eSxg4gZ8v28buoH5xKIZwH3Gkn_IqRFqb49XH2AY.js line 2 > eval line 4489 > eval line 1 > eval line 1 > eval, line 1: WEBGL_debug_renderer_info is deprecated in Firefox and will be removed. Please use RENDERER.
console.warn: services.settings: Ignoring preference override of remote settings server
console.warn: services.settings: Allow by setting MOZ_REMOTE_SETTINGS_DEVTOOLS=1 in the environment
console.error: (new TypeError("lazy.AsyncShutdown.profileBeforeChange is undefined", "resource://services-settings/Database.sys.mjs", 597))
JavaScript warning: https://www.googletagservices.com/activeview/js/current/rx_lidar.js?cache=r20110914, line 73: Script terminated by timeout at:
m.next@https://www.googletagservices.com/activeview/js/current/rx_lidar.js?cache=r20110914:73:842
oj/</</</<@https://www.googletagservices.com/activeview/js/current/rx_lidar.js?cache=r20110914:174:362
mj/<@https://www.googletagservices.com/activeview/js/current/rx_lidar.js?cache=r20110914:173:1013
La.prototype.La/<@https://www.googletagservices.com/activeview/js/current/rx_lidar.js?cache=r20110914:44:162
oj/</</<@https://www.googletagservices.com/activeview/js/current/rx_lidar.js?cache=r20110914:174:371
m.md@https://www.googletagservices.com/activeview/js/current/rx_lidar.js?cache=r20110914:76:425
m.next@https://www.googletagservices.com/activeview/js/current/rx_lidar.js?cache=r20110914:75:439
m.m@https://www.googletagservices.com/activeview/js/current/rx_lidar.js?cache=r20110914:74:223
m.next@https://www.googletagservices.com/activeview/js/current/rx_lidar.js?cache=r20110914:73:859
kd/</<@https://www.googletagservices.com/activeview/js/current/rx_lidar.js?cache=r20110914:94:671

[Parent 10568, IPC I/O Parent] WARNING: DuplicateHandle failed for handle 0 in TransferHandles: file /builds/worker/checkouts/gecko/ipc/chromium/src/chrome/common/ipc_channel_win.cc:621
[GPU 4024, IPC I/O Child] WARNING: pipe error: 232: file /builds/worker/checkouts/gecko/ipc/chromium/src/chrome/common/ipc_channel_win.cc:443
JavaScript error: , line 0: TypeError: NetworkError when attempting to fetch resource.
JavaScript error: , line 0: TypeError: NetworkError when attempting to fetch resource.
[Parent 10568, IPC I/O Parent] WARNING: DuplicateHandle failed for handle 0 in TransferHandles: file /builds/worker/checkouts/gecko/ipc/chromium/src/chrome/common/ipc_channel_win.cc:621
[GPU 4024, IPC I/O Child] WARNING: pipe error: 232: file /builds/worker/checkouts/gecko/ipc/chromium/src/chrome/common/ipc_channel_win.cc:443
[Parent 10568, IPC I/O Parent] WARNING: DuplicateHandle failed for handle 0 in TransferHandles: file /builds/worker/checkouts/gecko/ipc/chromium/src/chrome/common/ipc_channel_win.cc:621
[GPU 4024, IPC I/O Child] WARNING: pipe error: 232: file /builds/worker/checkouts/gecko/ipc/chromium/src/chrome/common/ipc_channel_win.cc:443
1691344334542	Marionette	INFO	Stopped listening on port 52594
Dynamically enable window occlusion 1
[Parent 10568, IPC I/O Parent] WARNING: DuplicateHandle failed for handle 0 in TransferHandles: file /builds/worker/checkouts/gecko/ipc/chromium/src/chrome/common/ipc_channel_win.cc:621
[GPU 4024, IPC I/O Child] WARNING: pipe error: 232: file /builds/worker/checkouts/gecko/ipc/chromium/src/chrome/common/ipc_channel_win.cc:443
[Parent 10568, IPC I/O Parent] WARNING: DuplicateHandle failed for handle 0 in TransferHandles: file /builds/worker/checkouts/gecko/ipc/chromium/src/chrome/common/ipc_channel_win.cc:621
[GPU 4024, IPC I/O Child] WARNING: pipe error: 232: file /builds/worker/checkouts/gecko/ipc/chromium/src/chrome/common/ipc_channel_win.cc:443
[Parent 10568, IPC I/O Parent] WARNING: DuplicateHandle failed for handle 0 in TransferHandles: file /builds/worker/checkouts/gecko/ipc/chromium/src/chrome/common/ipc_channel_win.cc:621
[GPU 4024, IPC I/O Child] WARNING: pipe error: 232: file /builds/worker/checkouts/gecko/ipc/chromium/src/chrome/common/ipc_channel_win.cc:443
[Parent 10568, IPC I/O Parent] WARNING: DuplicateHandle failed for handle 0 in TransferHandles: file /builds/worker/checkouts/gecko/ipc/chromium/src/chrome/common/ipc_channel_win.cc:621
[GPU 4024, IPC I/O Child] WARNING: pipe error: 232: file /builds/worker/checkouts/gecko/ipc/chromium/src/chrome/common/ipc_channel_win.cc:443
[Parent 10568, IPC I/O Parent] WARNING: DuplicateHandle failed for handle 0 in TransferHandles: file /builds/worker/checkouts/gecko/ipc/chromium/src/chrome/common/ipc_channel_win.cc:621
[GPU 4024, IPC I/O Child] WARNING: pipe error: 232: file /builds/worker/checkouts/gecko/ipc/chromium/src/chrome/common/ipc_channel_win.cc:443
JavaScript error: resource://gre/modules/CrashManager.sys.mjs, line 923: AbortError: IOUtils: Shutting down and refusing additional I/O tasks
1691344965234	geckodriver	INFO	Listening on 127.0.0.1:52999
1691344968285	mozrunner::runner	INFO	Running command: "C:\\Program Files\\Mozilla Firefox\\firefox.exe" "--marionette" "--remote-debugging-port" "53000" "--remote-allow-hosts" "localhost" "-no-remote" "-profile" "C:\\Users\\user\\AppData\\Local\\Temp\\rust_mozprofileuDS8em"
console.warn: services.settings: Ignoring preference override of remote settings server
console.warn: services.settings: Allow by setting MOZ_REMOTE_SETTINGS_DEVTOOLS=1 in the environment
1691344969087	Marionette	INFO	Marionette enabled
Dynamically enable window occlusion 0
1691344969351	Marionette	INFO	Listening on port 53009
Read port: 53009
WebDriver BiDi listening on ws://127.0.0.1:53000
1691344970144	RemoteAgent	WARN	TLS certificate errors will be ignored for this session
DevTools listening on ws://127.0.0.1:53000/devtools/browser/c0771852-921d-4a5d-aa01-584a56cecb6f
console.error: (new TypeError("this._searchProviderInfo is null", "resource:///modules/SearchSERPTelemetry.sys.mjs", 638))
[Parent 13764, IPC I/O Parent] WARNING: DuplicateHandle failed for handle 0 in TransferHandles: file /builds/worker/checkouts/gecko/ipc/chromium/src/chrome/common/ipc_channel_win.cc:621
[GPU 14052, IPC I/O Child] WARNING: pipe error: 232: file /builds/worker/checkouts/gecko/ipc/chromium/src/chrome/common/ipc_channel_win.cc:443
JavaScript error: https://file-examples.com/wp-content/themes/file-examples/vendor/jquery/jquery.min.js, line 2: Error: Syntax error, unrecognized expression: https://file-examples.com/wp-content/storage/2017/10/file-sample_150kB.pdf
JavaScript warning: https://pagead2.googlesyndication.com/bg/XE-eSxg4gZ8v28buoH5xKIZwH3Gkn_IqRFqb49XH2AY.js line 2 > eval line 4322 > eval line 1 > eval line 1 > eval, line 1: WEBGL_debug_renderer_info is deprecated in Firefox and will be removed. Please use RENDERER.
console.warn: services.settings: Ignoring preference override of remote settings server
console.warn: services.settings: Allow by setting MOZ_REMOTE_SETTINGS_DEVTOOLS=1 in the environment
console.error: (new TypeError("lazy.AsyncShutdown.profileBeforeChange is undefined", "resource://services-settings/Database.sys.mjs", 597))
JavaScript warning: https://www.googletagservices.com/activeview/js/current/rx_lidar.js?cache=r20110914, line 174: Script terminated by timeout at:
mj@https://www.googletagservices.com/activeview/js/current/rx_lidar.js?cache=r20110914:174:120
nj.prototype.La@https://www.googletagservices.com/activeview/js/current/rx_lidar.js?cache=r20110914:174:240
oj/</</<@https://www.googletagservices.com/activeview/js/current/rx_lidar.js?cache=r20110914:174:344
m.md@https://www.googletagservices.com/activeview/js/current/rx_lidar.js?cache=r20110914:76:425
m.next@https://www.googletagservices.com/activeview/js/current/rx_lidar.js?cache=r20110914:75:439
m.m@https://www.googletagservices.com/activeview/js/current/rx_lidar.js?cache=r20110914:74:223
m.next@https://www.googletagservices.com/activeview/js/current/rx_lidar.js?cache=r20110914:73:859
kd/</<@https://www.googletagservices.com/activeview/js/current/rx_lidar.js?cache=r20110914:94:671

[Parent 13764, IPC I/O Parent] WARNING: DuplicateHandle failed for handle 0 in TransferHandles: file /builds/worker/checkouts/gecko/ipc/chromium/src/chrome/common/ipc_channel_win.cc:621
[GPU 14052, IPC I/O Child] WARNING: pipe error: 232: file /builds/worker/checkouts/gecko/ipc/chromium/src/chrome/common/ipc_channel_win.cc:443
JavaScript warning: https://pagead2.googlesyndication.com/bg/XE-eSxg4gZ8v28buoH5xKIZwH3Gkn_IqRFqb49XH2AY.js line 2 > eval line 4322 > eval line 1 > eval line 1 > eval, line 1: Script terminated by timeout at:
z@https://pagead2.googlesyndication.com/bg/XE-eSxg4gZ8v28buoH5xKIZwH3Gkn_IqRFqb49XH2AY.js line 2 > eval line 4322 > eval line 1 > eval line 1 > eval:1:24
@https://pagead2.googlesyndication.com/bg/XE-eSxg4gZ8v28buoH5xKIZwH3Gkn_IqRFqb49XH2AY.js line 2 > eval line 4322 > eval line 1 > eval line 1 > eval:1:105
ty@https://pagead2.googlesyndication.com/bg/XE-eSxg4gZ8v28buoH5xKIZwH3Gkn_IqRFqb49XH2AY.js line 2 > eval line 4322 > eval line 1 > eval line 1 > eval:1:198
DE@https://pagead2.googlesyndication.com/bg/XE-eSxg4gZ8v28buoH5xKIZwH3Gkn_IqRFqb49XH2AY.js line 2 > eval line 4322 > eval line 1 > eval line 1 > eval:1:40
b.prototype.V</<@https://pagead2.googlesyndication.com/bg/XE-eSxg4gZ8v28buoH5xKIZwH3Gkn_IqRFqb49XH2AY.js line 2 > eval:4322:36088
nP@https://pagead2.googlesyndication.com/bg/XE-eSxg4gZ8v28buoH5xKIZwH3Gkn_IqRFqb49XH2AY.js line 2 > eval:4322:21453
F@https://pagead2.googlesyndication.com/bg/XE-eSxg4gZ8v28buoH5xKIZwH3Gkn_IqRFqb49XH2AY.js line 2 > eval:4322:9917
W@https://pagead2.googlesyndication.com/bg/XE-eSxg4gZ8v28buoH5xKIZwH3Gkn_IqRFqb49XH2AY.js line 2 > eval:4322:6908
F/<@https://pagead2.googlesyndication.com/bg/XE-eSxg4gZ8v28buoH5xKIZwH3Gkn_IqRFqb49XH2AY.js line 2 > eval:4322:9983
aw</<@https://pagead2.googlesyndication.com/bg/XE-eSxg4gZ8v28buoH5xKIZwH3Gkn_IqRFqb49XH2AY.js line 2 > eval:4322:33733

[Parent 13764, IPC I/O Parent] WARNING: DuplicateHandle failed for handle 0 in TransferHandles: file /builds/worker/checkouts/gecko/ipc/chromium/src/chrome/common/ipc_channel_win.cc:621
[GPU 14052, IPC I/O Child] WARNING: pipe error: 232: file /builds/worker/checkouts/gecko/ipc/chromium/src/chrome/common/ipc_channel_win.cc:443
JavaScript error: , line 0: TypeError: NetworkError when attempting to fetch resource.
JavaScript error: , line 0: TypeError: NetworkError when attempting to fetch resource.
[Parent 13764, IPC I/O Parent] WARNING: DuplicateHandle failed for handle 0 in TransferHandles: file /builds/worker/checkouts/gecko/ipc/chromium/src/chrome/common/ipc_channel_win.cc:621
[GPU 14052, IPC I/O Child] WARNING: pipe error: 232: file /builds/worker/checkouts/gecko/ipc/chromium/src/chrome/common/ipc_channel_win.cc:443
JavaScript error: resource://gre/modules/pdfjs.sys.mjs, line 27: NS_ERROR_FACTORY_NOT_REGISTERED: 
JavaScript error: resource://gre/modules/pdfjs.sys.mjs, line 27: NS_ERROR_FACTORY_NOT_REGISTERED: 
1691346660154	Marionette	INFO	Stopped listening on port 53009
Dynamically enable window occlusion 1
!!! error running onStopped callback: TypeError: callback is not a function
[Parent 13764, IPC I/O Parent] WARNING: DuplicateHandle failed for handle 0 in TransferHandles: file /builds/worker/checkouts/gecko/ipc/chromium/src/chrome/common/ipc_channel_win.cc:621
[GPU 14052, IPC I/O Child] WARNING: pipe error: 232: file /builds/worker/checkouts/gecko/ipc/chromium/src/chrome/common/ipc_channel_win.cc:443
[Parent 13764, IPC I/O Parent] WARNING: DuplicateHandle failed for handle 0 in TransferHandles: file /builds/worker/checkouts/gecko/ipc/chromium/src/chrome/common/ipc_channel_win.cc:621
[GPU 14052, IPC I/O Child] WARNING: pipe error: 232: file /builds/worker/checkouts/gecko/ipc/chromium/src/chrome/common/ipc_channel_win.cc:443
[Parent 13764, IPC I/O Parent] WARNING: DuplicateHandle failed for handle 0 in TransferHandles: file /builds/worker/checkouts/gecko/ipc/chromium/src/chrome/common/ipc_channel_win.cc:621
[GPU 14052, IPC I/O Child] WARNING: pipe error: 232: file /builds/worker/checkouts/gecko/ipc/chromium/src/chrome/common/ipc_channel_win.cc:443
[Parent 13764, IPC I/O Parent] WARNING: DuplicateHandle failed for handle 0 in TransferHandles: file /builds/worker/checkouts/gecko/ipc/chromium/src/chrome/common/ipc_channel_win.cc:621
[GPU 14052, IPC I/O Child] WARNING: pipe error: 232: file /builds/worker/checkouts/gecko/ipc/chromium/src/chrome/common/ipc_channel_win.cc:443
[Parent 13764, IPC I/O Parent] WARNING: DuplicateHandle failed for handle 0 in TransferHandles: file /builds/worker/checkouts/gecko/ipc/chromium/src/chrome/common/ipc_channel_win.cc:621
[GPU 14052, IPC I/O Child] WARNING: pipe error: 232: file /builds/worker/checkouts/gecko/ipc/chromium/src/chrome/common/ipc_channel_win.cc:443
val line 1 > eval line 1 > eval, line 1: WEBGL_debug_renderer_info is deprecated in Firefox and will be removed. Please use RENDERER.
[Parent 15052, IPC I/O Parent] WARNING: DuplicateHandle failed for handle 0 in TransferHandles: file /builds/worker/checkouts/gecko/ipc/chromium/src/chrome/common/ipc_channel_win.cc:621
[GPU 15212, IPC I/O Child] WARNING: pipe error: 232: file /builds/worker/checkouts/gecko/ipc/chromium/src/chrome/common/ipc_channel_win.cc:443
console.warn: services.settings: Ignoring preference override of remote settings server
console.warn: services.settings: Allow by setting MOZ_REMOTE_SETTINGS_DEVTOOLS=1 in the environment
console.error: (new TypeError("lazy.AsyncShutdown.profileBeforeChange is undefined", "resource://services-settings/Database.sys.mjs", 597))
JavaScript warning: https://www.googletagservices.com/activeview/js/current/rx_lidar.js?cache=r20110914, line 244: Script terminated by timeout at:
hn/a<@https://www.googletagservices.com/activeview/js/current/rx_lidar.js?cache=r20110914:244:94
Jc.prototype.m@https://www.googletagservices.com/activeview/js/current/rx_lidar.js?cache=r20110914:86:513
m.next@https://www.googletagservices.com/activeview/js/current/rx_lidar.js?cache=r20110914:73:859
m.oa@https://www.googletagservices.com/activeview/js/current/rx_lidar.js?cache=r20110914:92:135
Uc.prototype.m@https://www.googletagservices.com/activeview/js/current/rx_lidar.js?cache=r20110914:88:1378
m.next@https://www.googletagservices.com/activeview/js/current/rx_lidar.js?cache=r20110914:73:859
Fj/c/</</<@https://www.googletagservices.com/activeview/js/current/rx_lidar.js?cache=r20110914:182:320
Pa@https://www.googletagservices.com/activeview/js/current/rx_lidar.js?cache=r20110914:45:339
Ma.prototype.flush@https://www.googletagservices.com/activeview/js/current/rx_lidar.js?cache=r20110914:45:127
Oa@https://www.googletagservices.com/activeview/js/current/rx_lidar.js?cache=r20110914:44:330
Fj/c/</<@https://www.googletagservices.com/activeview/js/current/rx_lidar.js?cache=r20110914:182:292
m.md@https://www.googletagservices.com/activeview/js/current/rx_lidar.js?cache=r20110914:76:425
m.next@https://www.googletagservices.com/activeview/js/current/rx_lidar.js?cache=r20110914:75:439
m.m@https://www.googletagservices.com/activeview/js/current/rx_lidar.js?cache=r20110914:74:223
m.next@https://www.googletagservices.com/activeview/js/current/rx_lidar.js?cache=r20110914:73:859
oj/</</</<@https://www.googletagservices.com/activeview/js/current/rx_lidar.js?cache=r20110914:174:362
mj/<@https://www.googletagservices.com/activeview/js/current/rx_lidar.js?cache=r20110914:173:1013
La.prototype.La/<@https://www.googletagservices.com/activeview/js/current/rx_lidar.js?cache=r20110914:44:162
oj/</</<@https://www.googletagservices.com/activeview/js/current/rx_lidar.js?cache=r20110914:174:371
m.md@https://www.googletagservices.com/activeview/js/current/rx_lidar.js?cache=r20110914:76:425
m.next@https://www.googletagservices.com/activeview/js/current/rx_lidar.js?cache=r20110914:75:439
m.m@https://www.googletagservices.com/activeview/js/current/rx_lidar.js?cache=r20110914:74:223
m.next@https://www.googletagservices.com/activeview/js/current/rx_lidar.js?cache=r20110914:73:859
oj/</</</<@https://www.googletagservices.com/activeview/js/current/rx_lidar.js?cache=r20110914:174:362
mj/<@https://www.googletagservices.com/activeview/js/current/rx_lidar.js?cache=r20110914:173:1013
La.prototype.La/<@https://www.googletagservices.com/activeview/js/current/rx_lidar.js?cache=r20110914:44:162
oj/</</<@https://www.googletagservices.com/activeview/js/current/rx_lidar.js?cache=r20110914:174:371
m.md@https://www.googletagservices.com/activeview/js/current/rx_lidar.js?cache=r20110914:76:425
m.next@https://www.googletagservices.com/activeview/js/current/rx_lidar.js?cache=r20110914:75:439
m.m@https://www.googletagservices.com/activeview/js/current/rx_lidar.js?cache=r20110914:74:223
m.next@https://www.googletagservices.com/activeview/js/current/rx_lidar.js?cache=r20110914:73:859
kd/</<@https://www.googletagservices.com/activeview/js/current/rx_lidar.js?cache=r20110914:94:671

[Parent 15052, IPC I/O Parent] WARNING: DuplicateHandle failed for handle 0 in TransferHandles: file /builds/worker/checkouts/gecko/ipc/chromium/src/chrome/common/ipc_channel_win.cc:621
[GPU 15212, IPC I/O Child] WARNING: pipe error: 232: file /builds/worker/checkouts/gecko/ipc/chromium/src/chrome/common/ipc_channel_win.cc:443
JavaScript error: , line 0: TypeError: NetworkError when attempting to fetch resource.
JavaScript error: , line 0: TypeError: NetworkError when attempting to fetch resource.
[Parent 15052, IPC I/O Parent] WARNING: DuplicateHandle failed for handle 0 in TransferHandles: file /builds/worker/checkouts/gecko/ipc/chromium/src/chrome/common/ipc_channel_win.cc:621
[GPU 15212, IPC I/O Child] WARNING: pipe error: 232: file /builds/worker/checkouts/gecko/ipc/chromium/src/chrome/common/ipc_channel_win.cc:443
JavaScript error: resource://gre/modules/pdfjs.sys.mjs, line 27: NS_ERROR_FACTORY_NOT_REGISTERED: 
JavaScript error: resource://gre/modules/pdfjs.sys.mjs, line 27: NS_ERROR_FACTORY_NOT_REGISTERED: 
1691345110436	Marionette	INFO	Stopped listening on port 53133
Dynamically enable window occlusion 1
[Parent 15052, IPC I/O Parent] WARNING: DuplicateHandle failed for handle 0 in TransferHandles: file /builds/worker/checkouts/gecko/ipc/chromium/src/chrome/common/ipc_channel_win.cc:621
[GPU 15212, IPC I/O Child] WARNING: pipe error: 232: file /builds/worker/checkouts/gecko/ipc/chromium/src/chrome/common/ipc_channel_win.cc:443
[Parent 15052, IPC I/O Parent] WARNING: DuplicateHandle failed for handle 0 in TransferHandles: file /builds/worker/checkouts/gecko/ipc/chromium/src/chrome/common/ipc_channel_win.cc:621
[GPU 15212, IPC I/O Child] WARNING: pipe error: 232: file /builds/worker/checkouts/gecko/ipc/chromium/src/chrome/common/ipc_channel_win.cc:443
[Parent 15052, IPC I/O Parent] WARNING: DuplicateHandle failed for handle 0 in TransferHandles: file /builds/worker/checkouts/gecko/ipc/chromium/src/chrome/common/ipc_channel_win.cc:621
[GPU 15212, IPC I/O Child] WARNING: pipe error: 232: file /builds/worker/checkouts/gecko/ipc/chromium/src/chrome/common/ipc_channel_win.cc:443
[Parent 15052, IPC I/O Parent] WARNING: DuplicateHandle failed for handle 0 in TransferHandles: file /builds/worker/checkouts/gecko/ipc/chromium/src/chrome/common/ipc_channel_win.cc:621
[GPU 15212, IPC I/O Child] WARNING: pipe error: 232: file /builds/worker/checkouts/gecko/ipc/chromium/src/chrome/common/ipc_channel_win.cc:443
[Parent 15052, IPC I/O Parent] WARNING: DuplicateHandle failed for handle 0 in TransferHandles: file /builds/worker/checkouts/gecko/ipc/chromium/src/chrome/common/ipc_channel_win.cc:621
[GPU 15212, IPC I/O Child] WARNING: pipe error: 232: file /builds/worker/checkouts/gecko/ipc/chromium/src/chrome/common/ipc_channel_win.cc:443
1691900909934	geckodriver	INFO	Listening on 127.0.0.1:59162
1691900913176	mozrunner::runner	INFO	Running command: "C:\\Program Files\\Mozilla Firefox\\firefox.exe" "--marionette" "--remote-debugging-port" "59163" "--remote-allow-hosts" "localhost" "-no-remote" "-profile" "C:\\Users\\user\\AppData\\Local\\Temp\\rust_mozprofile5DWH40"
console.warn: services.settings: Ignoring preference override of remote settings server
console.warn: services.settings: Allow by setting MOZ_REMOTE_SETTINGS_DEVTOOLS=1 in the environment
1691900918306	Marionette	INFO	Marionette enabled
Dynamically enable window occlusion 0
1691900918867	Marionette	INFO	Listening on port 59179
Read port: 59179
WebDriver BiDi listening on ws://127.0.0.1:59163
1691900924063	RemoteAgent	WARN	TLS certificate errors will be ignored for this session
1691900931259	geckodriver	INFO	Listening on 127.0.0.1:59189
1691900934331	mozrunner::runner	INFO	Running command: "C:\\Program Files\\Mozilla Firefox\\firefox.exe" "--marionette" "--remote-debugging-port" "59190" "--remote-allow-hosts" "localhost" "-no-remote" "-profile" "C:\\Users\\user\\AppData\\Local\\Temp\\rust_mozprofileVowm0x"
console.warn: services.settings: Ignoring preference override of remote settings server
console.warn: services.settings: Allow by setting MOZ_REMOTE_SETTINGS_DEVTOOLS=1 in the environment
1691900934878	Marionette	INFO	Marionette enabled
Dynamically enable window occlusion 0
1691900935018	Marionette	INFO	Listening on port 59201
WebDriver BiDi listening on ws://127.0.0.1:59190
Read port: 59201
1691900936009	RemoteAgent	WARN	TLS certificate errors will be ignored for this session
DevTools listening on ws://127.0.0.1:59190/devtools/browser/a33233b1-1920-44dc-b373-2ca311829d5f
[Parent 7440, IPC I/O Parent] WARNING: DuplicateHandle failed for handle 0 in TransferHandles: file /builds/worker/checkouts/gecko/ipc/chromium/src/chrome/common/ipc_channel_win.cc:621
[GPU 8516, IPC I/O Child] WARNING: pipe error: 232: file /builds/worker/checkouts/gecko/ipc/chromium/src/chrome/common/ipc_channel_win.cc:443
JavaScript error: https://file-examples.com/wp-content/themes/file-examples/vendor/jquery/jquery.min.js, line 2: Error: Syntax error, unrecognized expression: https://file-examples.com/wp-content/storage/2017/10/file-sample_150kB.pdf
1691900966434	Marionette	WARN	TimedPromise timed out after 500 ms: stacktrace:
TimedPromise/<@chrome://remote/content/marionette/sync.sys.mjs:221:24
TimedPromise@chrome://remote/content/marionette/sync.sys.mjs:205:10
interaction.flushEventLoop@chrome://remote/content/marionette/interaction.sys.mjs:431:10
webdriverClickElement@chrome://remote/content/marionette/interaction.sys.mjs:180:31
console.warn: services.settings: Ignoring preference override of remote settings server
console.warn: services.settings: Allow by setting MOZ_REMOTE_SETTINGS_DEVTOOLS=1 in the environment
console.error: (new TypeError("lazy.AsyncShutdown.profileBeforeChange is undefined", "resource://services-settings/Database.sys.mjs", 597))
JavaScript warning: https://pagead2.googlesyndication.com/bg/tyUIhHw5nENfoko-nEflzhLvuy8DlML_neBMnK0HbY4.js line 2 > eval line 2772 > eval line 1 > eval line 1 > eval, line 1: WEBGL_debug_renderer_info is deprecated in Firefox and will be removed. Please use RENDERER.
JavaScript warning: https://www.googletagservices.com/activeview/js/current/rx_lidar.js?cache=r20110914, line 74: Script terminated by timeout at:
m.next@https://www.googletagservices.com/activeview/js/current/rx_lidar.js?cache=r20110914:74:344
m.m@https://www.googletagservices.com/activeview/js/current/rx_lidar.js?cache=r20110914:73:223
m.next@https://www.googletagservices.com/activeview/js/current/rx_lidar.js?cache=r20110914:72:859
kd/</<@https://www.googletagservices.com/activeview/js/current/rx_lidar.js?cache=r20110914:93:671

JavaScript warning: https://pagead2.googlesyndication.com/bg/tyUIhHw5nENfoko-nEflzhLvuy8DlML_neBMnK0HbY4.js line 2 > eval line 2772 > eval line 1 > eval line 1 > eval, line 1: Script terminated by timeout at:
v@https://pagead2.googlesyndication.com/bg/tyUIhHw5nENfoko-nEflzhLvuy8DlML_neBMnK0HbY4.js line 2 > eval line 2772 > eval line 1 > eval line 1 > eval:1:24
@https://pagead2.googlesyndication.com/bg/tyUIhHw5nENfoko-nEflzhLvuy8DlML_neBMnK0HbY4.js line 2 > eval line 2772 > eval line 1 > eval line 1 > eval:1:112
Sl@https://pagead2.googlesyndication.com/bg/tyUIhHw5nENfoko-nEflzhLvuy8DlML_neBMnK0HbY4.js line 2 > eval line 2772 > eval line 1 > eval line 1 > eval:1:226
ss@https://pagead2.googlesyndication.com/bg/tyUIhHw5nENfoko-nEflzhLvuy8DlML_neBMnK0HbY4.js line 2 > eval line 2772 > eval line 1 > eval line 1 > eval:1:45
t.prototype.K</<@https://pagead2.googlesyndication.com/bg/tyUIhHw5nENfoko-nEflzhLvuy8DlML_neBMnK0HbY4.js line 2 > eval:2772:36290
Ly@https://pagead2.googlesyndication.com/bg/tyUIhHw5nENfoko-nEflzhLvuy8DlML_neBMnK0HbY4.js line 2 > eval:2772:24705
l@https://pagead2.googlesyndication.com/bg/tyUIhHw5nENfoko-nEflzhLvuy8DlML_neBMnK0HbY4.js line 2 > eval:2772:9894
X@https://pagead2.googlesyndication.com/bg/tyUIhHw5nENfoko-nEflzhLvuy8DlML_neBMnK0HbY4.js line 2 > eval:2772:11271
l/<@https://pagead2.googlesyndication.com/bg/tyUIhHw5nENfoko-nEflzhLvuy8DlML_neBMnK0HbY4.js line 2 > eval:2772:9958
py</<@https://pagead2.googlesyndication.com/bg/tyUIhHw5nENfoko-nEflzhLvuy8DlML_neBMnK0HbY4.js line 2 > eval:2772:34038

[Parent 7440, IPC I/O Parent] WARNING: DuplicateHandle failed for handle 0 in TransferHandles: file /builds/worker/checkouts/gecko/ipc/chromium/src/chrome/common/ipc_channel_win.cc:621
[GPU 8516, IPC I/O Child] WARNING: pipe error: 232: file /builds/worker/checkouts/gecko/ipc/chromium/src/chrome/common/ipc_channel_win.cc:443
JavaScript error: , line 0: TypeError: NetworkError when attempting to fetch resource.
JavaScript error: , line 0: TypeError: NetworkError when attempting to fetch resource.
[Parent 7440, IPC I/O Parent] WARNING: DuplicateHandle failed for handle 0 in TransferHandles: file /builds/worker/checkouts/gecko/ipc/chromium/src/chrome/common/ipc_channel_win.cc:621
[GPU 8516, IPC I/O Child] WARNING: pipe error: 232: file /builds/worker/checkouts/gecko/ipc/chromium/src/chrome/common/ipc_channel_win.cc:443
[Parent 7440, IPC I/O Parent] WARNING: DuplicateHandle failed for handle 0 in TransferHandles: file /builds/worker/checkouts/gecko/ipc/chromium/src/chrome/common/ipc_channel_win.cc:621
[GPU 8516, IPC I/O Child] WARNING: pipe error: 232: file /builds/worker/checkouts/gecko/ipc/chromium/src/chrome/common/ipc_channel_win.cc:443
JavaScript error: resource://gre/modules/pdfjs.sys.mjs, line 27: NS_ERROR_FACTORY_NOT_REGISTERED: 
JavaScript error: resource://gre/modules/pdfjs.sys.mjs, line 27: NS_ERROR_FACTORY_NOT_REGISTERED: 
JavaScript error: , line 0: NS_ERROR_NOT_AVAILABLE
1691912779532	Marionette	INFO	Stopped listening on port 59201
Dynamically enable window occlusion 1
[Parent 7440, IPC I/O Parent] WARNING: DuplicateHandle failed for handle 0 in TransferHandles: file /builds/worker/checkouts/gecko/ipc/chromium/src/chrome/common/ipc_channel_win.cc:621
[Parent 7440, IPC I/O Parent] WARNING: DuplicateHandle failed for handle 0 in TransferHandles: file /builds/worker/checkouts/gecko/ipc/chromium/src/chrome/common/ipc_channel_win.cc:621
[GPU 8516, IPC I/O Child] WARNING: pipe error: 232: file /builds/worker/checkouts/gecko/ipc/chromium/src/chrome/common/ipc_channel_win.cc:443
[GPU 8516, IPC I/O Child] WARNING: pipe error: 232: file /builds/worker/checkouts/gecko/ipc/chromium/src/chrome/common/ipc_channel_win.cc:443
